2026-03-12 10:36:22 - substation_rza - INFO - ============================================================
2026-03-12 10:36:22 - substation_rza - INFO - ЗАПУСК СИМУЛЯЦИИ РЗА (ВАРИАНТ 3: 750/330, СХЕМА ЧЕТЫРЕХУГОЛЬНИК)
2026-03-12 10:36:22 - substation_rza - INFO - ============================================================
2026-03-12 10:36:22 - substation_rza - DEBUG - Добавлена шина ВН_Секция_1
2026-03-12 10:36:22 - substation_rza - DEBUG - Добавлена шина ВН_Секция_2
2026-03-12 10:36:22 - substation_rza - DEBUG - Добавлена шина СН_Секция_1
2026-03-12 10:36:22 - substation_rza - DEBUG - Добавлена шина СН_Секция_2
2026-03-12 10:36:22 - substation_rza - DEBUG - Добавлен выключатель ВН_Q1
2026-03-12 10:36:22 - substation_rza - DEBUG - Добавлен выключатель ВН_Q2
2026-03-12 10:36:22 - substation_rza - DEBUG - Добавлен выключатель ВН_Q3
2026-03-12 10:36:22 - substation_rza - DEBUG - Добавлен выключатель ВН_Q4
2026-03-12 10:36:22 - substation_rza - DEBUG - Добавлен выключатель ВН_Q5
2026-03-12 10:36:22 - substation_rza - DEBUG - Добавлен выключатель СН_Q1
2026-03-12 10:36:22 - substation_rza - DEBUG - Добавлен выключатель СН_Q2
2026-03-12 10:36:22 - substation_rza - DEBUG - Добавлен выключатель СН_Q3
2026-03-12 10:36:22 - substation_rza - DEBUG - Добавлен выключатель СН_Q4
2026-03-12 10:36:22 - substation_rza - DEBUG - Добавлен выключатель СН_Q5
2026-03-12 10:36:22 - substation_rza - DEBUG - Добавлен выключатель СН_Q6
2026-03-12 10:36:22 - substation_rza - DEBUG - Добавлена линия ВН_Линия_1
2026-03-12 10:36:22 - substation_rza - DEBUG - Добавлена линия ВН_Линия_2
2026-03-12 10:36:22 - substation_rza - DEBUG - Добавлена линия СН_Линия_1
2026-03-12 10:36:22 - substation_rza - DEBUG - Добавлена линия СН_Линия_2
2026-03-12 10:36:22 - substation_rza - DEBUG - Добавлена линия СН_Линия_3
2026-03-12 10:36:22 - substation_rza - DEBUG - Добавлен трансформатор Т1
2026-03-12 10:36:22 - substation_rza - DEBUG - Добавлен трансформатор Т2
2026-03-12 10:36:22 - substation_rza - INFO - Подстанция инициализирована
2026-03-12 10:36:22 - substation_rza - INFO - Загружено 24 защит из JSON
2026-03-12 10:36:22 - substation_rza - DEBUG - Защита МТЗ привязана к ВН_Линия_1
2026-03-12 10:36:22 - substation_rza - DEBUG - Защита ДЗЛ привязана к ВН_Линия_1
2026-03-12 10:36:22 - substation_rza - DEBUG - Защита МТЗ привязана к ВН_Линия_2
2026-03-12 10:36:22 - substation_rza - DEBUG - Защита ДЗЛ привязана к ВН_Линия_2
2026-03-12 10:36:22 - substation_rza - DEBUG - Защита МТЗ привязана к СН_Линия_1
2026-03-12 10:36:22 - substation_rza - DEBUG - Защита ДЗЛ привязана к СН_Линия_1
2026-03-12 10:36:22 - substation_rza - DEBUG - Защита МТЗ привязана к СН_Линия_2
2026-03-12 10:36:22 - substation_rza - DEBUG - Защита ДЗЛ привязана к СН_Линия_2
2026-03-12 10:36:22 - substation_rza - DEBUG - Защита МТЗ привязана к СН_Линия_3
2026-03-12 10:36:22 - substation_rza - DEBUG - Защита ДЗЛ привязана к СН_Линия_3
2026-03-12 10:36:22 - substation_rza - WARNING - Объект НН_Линия_1 не найден!
2026-03-12 10:36:22 - substation_rza - WARNING - Объект НН_Линия_1 не найден!
2026-03-12 10:36:22 - substation_rza - WARNING - Объект НН_Линия_2 не найден!
2026-03-12 10:36:22 - substation_rza - WARNING - Объект НН_Линия_2 не найден!
2026-03-12 10:36:22 - substation_rza - DEBUG - Защита ДЗТ привязана к Т1
2026-03-12 10:36:22 - substation_rza - DEBUG - Защита МТЗ привязана к Т1
2026-03-12 10:36:22 - substation_rza - DEBUG - Защита ДЗТ привязана к Т2
2026-03-12 10:36:22 - substation_rza - DEBUG - Защита МТЗ привязана к Т2
2026-03-12 10:36:22 - substation_rza - DEBUG - Защита ДЗШ привязана к ВН_Секция_1
2026-03-12 10:36:22 - substation_rza - DEBUG - Защита ДЗШ привязана к ВН_Секция_2
2026-03-12 10:36:22 - substation_rza - DEBUG - Защита ДЗШ привязана к СН_Секция_1
2026-03-12 10:36:22 - substation_rza - DEBUG - Защита ДЗШ привязана к СН_Секция_2
2026-03-12 10:36:22 - substation_rza - WARNING - Объект НН_Секция_1 не найден!
2026-03-12 10:36:22 - substation_rza - WARNING - Объект НН_Секция_2 не найден!
2026-03-12 10:36:22 - substation_rza - INFO - Привязано 18 защит к оборудованию
2026-03-12 10:36:22 - substation_rza - INFO - Запуск 15 итераций симуляции
2026-03-12 10:36:22 - substation_rza - INFO - --- Итерация 1 ---
2026-03-12 10:36:22 - substation_rza - DEBUG - Состояние подстанции сброшено
2026-03-12 10:36:22 - substation_rza - DEBUG - Сгенерировано КЗ: ВН_Линия_1, тип: 2ph, ток: 3464.9 А
2026-03-12 10:36:22 - substation_rza - INFO - КЗ на ВН_Линия_1 (Line), тип: двухфазное КЗ, ток: 3464.9 А
2026-03-12 10:36:22 - substation_rza - DEBUG - Анализ КЗ на ВН_Линия_1 (Line), тип: двухфазное КЗ, ток: 3464.9 А
2026-03-12 10:36:22 - substation_rza - DEBUG - Защита ДЗЛ: ток 3464.9А > уставка 800А
2026-03-12 10:36:22 - substation_rza - DEBUG - Защита МТЗ: ток 3464.9А > уставка 1200А
2026-03-12 10:36:22 - substation_rza - INFO - Срабатывает защита ДЗЛ на ВН_Линия_1 (время 0 мс)
2026-03-12 10:36:22 - substation_rza - DEBUG - Отключен выключатель ВН_Q1
2026-03-12 10:36:22 - substation_rza - INFO - КЗ отключено защитой ДЗЛ, отключено выключателей: 1
2026-03-12 10:36:22 - substation_rza - INFO - --- Итерация 2 ---
2026-03-12 10:36:22 - substation_rza - DEBUG - Состояние подстанции сброшено
2026-03-12 10:36:22 - substation_rza - DEBUG - Сгенерировано КЗ: ВН_Секция_2, тип: 2ph, ток: 6958.6 А
2026-03-12 10:36:22 - substation_rza - INFO - КЗ на ВН_Секция_2 (Busbar), тип: двухфазное КЗ, ток: 6958.6 А
2026-03-12 10:36:22 - substation_rza - DEBUG - Анализ КЗ на ВН_Секция_2 (Busbar), тип: двухфазное КЗ, ток: 6958.6 А
2026-03-12 10:36:22 - substation_rza - DEBUG - Защита ДЗШ: ток 6958.6А > уставка 1000А
2026-03-12 10:36:22 - substation_rza - INFO - Срабатывает защита ДЗШ на ВН_Секция_2 (время 0 мс)
2026-03-12 10:36:22 - substation_rza - DEBUG - Отключен выключатель ВН_Q2
2026-03-12 10:36:22 - substation_rza - DEBUG - Отключен выключатель ВН_Q4
2026-03-12 10:36:22 - substation_rza - DEBUG - Отключен выключатель ВН_Q5
2026-03-12 10:36:22 - substation_rza - INFO - КЗ отключено защитой ДЗШ, отключено выключателей: 3
2026-03-12 10:36:22 - substation_rza - INFO - --- Итерация 3 ---
2026-03-12 10:36:22 - substation_rza - DEBUG - Состояние подстанции сброшено
2026-03-12 10:36:22 - substation_rza - DEBUG - Сгенерировано КЗ: СН_Линия_2, тип: 2ph, ток: 3744.1 А
2026-03-12 10:36:22 - substation_rza - INFO - КЗ на СН_Линия_2 (Line), тип: двухфазное КЗ, ток: 3744.1 А
2026-03-12 10:36:22 - substation_rza - DEBUG - Анализ КЗ на СН_Линия_2 (Line), тип: двухфазное КЗ, ток: 3744.1 А
2026-03-12 10:36:22 - substation_rza - DEBUG - Защита ДЗЛ: ток 3744.1А > уставка 2400А
2026-03-12 10:36:22 - substation_rza - DEBUG - Защита МТЗ: ток 3744.1А > уставка 2400А
2026-03-12 10:36:22 - substation_rza - INFO - Срабатывает защита ДЗЛ на СН_Линия_2 (время 0 мс)
2026-03-12 10:36:22 - substation_rza - DEBUG - Отключен выключатель СН_Q2
2026-03-12 10:36:22 - substation_rza - INFO - КЗ отключено защитой ДЗЛ, отключено выключателей: 1
2026-03-12 10:36:22 - substation_rza - INFO - --- Итерация 4 ---
2026-03-12 10:36:22 - substation_rza - DEBUG - Состояние подстанции сброшено
2026-03-12 10:36:22 - substation_rza - DEBUG - Сгенерировано КЗ: ВН_Линия_1, тип: 2ph, ток: 5722.7 А
2026-03-12 10:36:22 - substation_rza - INFO - КЗ на ВН_Линия_1 (Line), тип: двухфазное КЗ, ток: 5722.7 А
2026-03-12 10:36:22 - substation_rza - DEBUG - Анализ КЗ на ВН_Линия_1 (Line), тип: двухфазное КЗ, ток: 5722.7 А
2026-03-12 10:36:22 - substation_rza - DEBUG - Защита ДЗЛ: ток 5722.7А > уставка 800А
2026-03-12 10:36:22 - substation_rza - DEBUG - Защита МТЗ: ток 5722.7А > уставка 1200А
2026-03-12 10:36:22 - substation_rza - INFO - Срабатывает защита ДЗЛ на ВН_Линия_1 (время 0 мс)
2026-03-12 10:36:22 - substation_rza - DEBUG - Отключен выключатель ВН_Q1
2026-03-12 10:36:22 - substation_rza - INFO - КЗ отключено защитой ДЗЛ, отключено выключателей: 1
2026-03-12 10:36:22 - substation_rza - INFO - --- Итерация 5 ---
2026-03-12 10:36:22 - substation_rza - DEBUG - Состояние подстанции сброшено
2026-03-12 10:36:22 - substation_rza - DEBUG - Сгенерировано КЗ: ВН_Линия_2, тип: 1ph, ток: 6116.2 А
2026-03-12 10:36:22 - substation_rza - INFO - КЗ на ВН_Линия_2 (Line), тип: однофазное КЗ, ток: 6116.2 А
2026-03-12 10:36:22 - substation_rza - DEBUG - КЗ на ВН_Линия_2 самоустранилось
2026-03-12 10:36:22 - substation_rza - INFO - КЗ на ВН_Линия_2 самоустранилось
2026-03-12 10:36:22 - substation_rza - INFO - --- Итерация 6 ---
2026-03-12 10:36:22 - substation_rza - DEBUG - Состояние подстанции сброшено
2026-03-12 10:36:22 - substation_rza - DEBUG - Сгенерировано КЗ: Т1, тип: winding, ток: 3596.2 А
2026-03-12 10:36:22 - substation_rza - INFO - КЗ на Т1 (Transformer), тип: витковое замыкание, ток: 3596.2 А
2026-03-12 10:36:22 - substation_rza - DEBUG - Анализ КЗ на Т1 (Transformer), тип: витковое замыкание, ток: 3596.2 А
2026-03-12 10:36:22 - substation_rza - DEBUG - Защита ДЗТ: ток 3596.2А > уставка 800А
2026-03-12 10:36:22 - substation_rza - DEBUG - Защита МТЗ: ток 3596.2А > уставка 600А
2026-03-12 10:36:22 - substation_rza - INFO - Срабатывает защита ДЗТ на Т1 (время 0 мс)
2026-03-12 10:36:22 - substation_rza - DEBUG - Отключен выключатель ВН_Q3
2026-03-12 10:36:22 - substation_rza - INFO - КЗ отключено защитой ДЗТ, отключено выключателей: 1
2026-03-12 10:36:23 - substation_rza - INFO - --- Итерация 7 ---
2026-03-12 10:36:23 - substation_rza - DEBUG - Состояние подстанции сброшено
2026-03-12 10:36:23 - substation_rza - DEBUG - Сгенерировано КЗ: СН_Линия_2, тип: 3ph, ток: 456.2 А
2026-03-12 10:36:23 - substation_rza - INFO - КЗ на СН_Линия_2 (Line), тип: трехфазное КЗ, ток: 456.2 А
2026-03-12 10:36:23 - substation_rza - DEBUG - Анализ КЗ на СН_Линия_2 (Line), тип: трехфазное КЗ, ток: 456.2 А
2026-03-12 10:36:23 - substation_rza - DEBUG - Защита ДЗЛ: ток 456.2А < уставка 2400А
2026-03-12 10:36:23 - substation_rza - DEBUG - Защита МТЗ: ток 456.2А < уставка 2400А
2026-03-12 10:36:23 - substation_rza - INFO - Ни одна защита на СН_Линия_2 не сработала (ток 456.2А ниже уставок)
2026-03-12 10:36:23 - substation_rza - ERROR - КЗ НЕ ОТКЛЮЧЕНО! Отказало защит: 0
2026-03-12 10:36:23 - substation_rza - INFO - --- Итерация 8 ---
2026-03-12 10:36:23 - substation_rza - DEBUG - Состояние подстанции сброшено
2026-03-12 10:36:23 - substation_rza - DEBUG - Сгенерировано КЗ: СН_Линия_1, тип: 3ph, ток: 1487.4 А
2026-03-12 10:36:23 - substation_rza - INFO - КЗ на СН_Линия_1 (Line), тип: трехфазное КЗ, ток: 1487.4 А
2026-03-12 10:36:23 - substation_rza - DEBUG - Анализ КЗ на СН_Линия_1 (Line), тип: трехфазное КЗ, ток: 1487.4 А
2026-03-12 10:36:23 - substation_rza - ERROR - Защита МТЗ на СН_Линия_1 отказала! (порог 5%)
2026-03-12 10:36:23 - substation_rza - DEBUG - Защита ДЗЛ: ток 1487.4А < уставка 2400А
2026-03-12 10:36:23 - substation_rza - INFO - Ни одна защита на СН_Линия_1 не сработала (ток 1487.4А ниже уставок)
2026-03-12 10:36:23 - substation_rza - ERROR - КЗ НЕ ОТКЛЮЧЕНО! Отказало защит: 1
2026-03-12 10:36:23 - substation_rza - INFO - --- Итерация 9 ---
2026-03-12 10:36:23 - substation_rza - DEBUG - Состояние подстанции сброшено
2026-03-12 10:36:23 - substation_rza - DEBUG - Сгенерировано КЗ: СН_Линия_2, тип: 1ph, ток: 2298.2 А
2026-03-12 10:36:23 - substation_rza - INFO - КЗ на СН_Линия_2 (Line), тип: однофазное КЗ, ток: 2298.2 А
2026-03-12 10:36:23 - substation_rza - DEBUG - Анализ КЗ на СН_Линия_2 (Line), тип: однофазное КЗ, ток: 2298.2 А
2026-03-12 10:36:23 - substation_rza - ERROR - Защита ДЗЛ на СН_Линия_2 отказала! (порог 5%)
2026-03-12 10:36:23 - substation_rza - DEBUG - Защита МТЗ: ток 2298.2А < уставка 2400А
2026-03-12 10:36:23 - substation_rza - INFO - Ни одна защита на СН_Линия_2 не сработала (ток 2298.2А ниже уставок)
2026-03-12 10:36:23 - substation_rza - ERROR - КЗ НЕ ОТКЛЮЧЕНО! Отказало защит: 1
2026-03-12 10:36:23 - substation_rza - INFO - --- Итерация 10 ---
2026-03-12 10:36:23 - substation_rza - DEBUG - Состояние подстанции сброшено
2026-03-12 10:36:23 - substation_rza - DEBUG - Сгенерировано КЗ: СН_Секция_2, тип: 3ph, ток: 2876.3 А
2026-03-12 10:36:23 - substation_rza - INFO - КЗ на СН_Секция_2 (Busbar), тип: трехфазное КЗ, ток: 2876.3 А
2026-03-12 10:36:23 - substation_rza - DEBUG - Анализ КЗ на СН_Секция_2 (Busbar), тип: трехфазное КЗ, ток: 2876.3 А
2026-03-12 10:36:23 - substation_rza - DEBUG - Защита ДЗШ: ток 2876.3А > уставка 800А
2026-03-12 10:36:23 - substation_rza - INFO - Срабатывает защита ДЗШ на СН_Секция_2 (время 0 мс)
2026-03-12 10:36:23 - substation_rza - DEBUG - Отключен выключатель СН_Q2
2026-03-12 10:36:23 - substation_rza - DEBUG - Отключен выключатель СН_Q5
2026-03-12 10:36:23 - substation_rza - DEBUG - Отключен выключатель СН_Q6
2026-03-12 10:36:23 - substation_rza - INFO - КЗ отключено защитой ДЗШ, отключено выключателей: 3
2026-03-12 10:36:23 - substation_rza - INFO - --- Итерация 11 ---
2026-03-12 10:36:23 - substation_rza - DEBUG - Состояние подстанции сброшено
2026-03-12 10:36:23 - substation_rza - DEBUG - Сгенерировано КЗ: ВН_Линия_2, тип: 2ph, ток: 6259.8 А
2026-03-12 10:36:23 - substation_rza - INFO - КЗ на ВН_Линия_2 (Line), тип: двухфазное КЗ, ток: 6259.8 А
2026-03-12 10:36:23 - substation_rza - DEBUG - Анализ КЗ на ВН_Линия_2 (Line), тип: двухфазное КЗ, ток: 6259.8 А
2026-03-12 10:36:23 - substation_rza - DEBUG - Защита ДЗЛ: ток 6259.8А > уставка 800А
2026-03-12 10:36:23 - substation_rza - DEBUG - Защита МТЗ: ток 6259.8А > уставка 1200А
2026-03-12 10:36:23 - substation_rza - INFO - Срабатывает защита ДЗЛ на ВН_Линия_2 (время 0 мс)
2026-03-12 10:36:23 - substation_rza - DEBUG - Отключен выключатель ВН_Q2
2026-03-12 10:36:23 - substation_rza - INFO - КЗ отключено защитой ДЗЛ, отключено выключателей: 1
2026-03-12 10:36:23 - substation_rza - INFO - --- Итерация 12 ---
2026-03-12 10:36:23 - substation_rza - DEBUG - Состояние подстанции сброшено
2026-03-12 10:36:23 - substation_rza - DEBUG - Сгенерировано КЗ: СН_Линия_1, тип: 2ph, ток: 2280.3 А
2026-03-12 10:36:23 - substation_rza - INFO - КЗ на СН_Линия_1 (Line), тип: двухфазное КЗ, ток: 2280.3 А
2026-03-12 10:36:23 - substation_rza - DEBUG - КЗ на СН_Линия_1 самоустранилось
2026-03-12 10:36:23 - substation_rza - INFO - КЗ на СН_Линия_1 самоустранилось
2026-03-12 10:36:23 - substation_rza - INFO - --- Итерация 13 ---
2026-03-12 10:36:23 - substation_rza - DEBUG - Состояние подстанции сброшено
2026-03-12 10:36:23 - substation_rza - DEBUG - Сгенерировано КЗ: СН_Секция_1, тип: 3ph, ток: 855.5 А
2026-03-12 10:36:23 - substation_rza - INFO - КЗ на СН_Секция_1 (Busbar), тип: трехфазное КЗ, ток: 855.5 А
2026-03-12 10:36:23 - substation_rza - DEBUG - Анализ КЗ на СН_Секция_1 (Busbar), тип: трехфазное КЗ, ток: 855.5 А
2026-03-12 10:36:23 - substation_rza - DEBUG - Защита ДЗШ: ток 855.5А > уставка 800А
2026-03-12 10:36:23 - substation_rza - INFO - Срабатывает защита ДЗШ на СН_Секция_1 (время 0 мс)
2026-03-12 10:36:23 - substation_rza - DEBUG - Отключен выключатель СН_Q1
2026-03-12 10:36:23 - substation_rza - DEBUG - Отключен выключатель СН_Q3
2026-03-12 10:36:23 - substation_rza - DEBUG - Отключен выключатель СН_Q4
2026-03-12 10:36:23 - substation_rza - DEBUG - Отключен выключатель СН_Q6
2026-03-12 10:36:23 - substation_rza - INFO - КЗ отключено защитой ДЗШ, отключено выключателей: 4
2026-03-12 10:36:23 - substation_rza - INFO - --- Итерация 14 ---
2026-03-12 10:36:23 - substation_rza - DEBUG - Состояние подстанции сброшено
2026-03-12 10:36:23 - substation_rza - DEBUG - Сгенерировано КЗ: СН_Секция_1, тип: 3ph, ток: 4765.4 А
2026-03-12 10:36:23 - substation_rza - INFO - КЗ на СН_Секция_1 (Busbar), тип: трехфазное КЗ, ток: 4765.4 А
2026-03-12 10:36:23 - substation_rza - DEBUG - Анализ КЗ на СН_Секция_1 (Busbar), тип: трехфазное КЗ, ток: 4765.4 А
2026-03-12 10:36:23 - substation_rza - DEBUG - Защита ДЗШ: ток 4765.4А > уставка 800А
2026-03-12 10:36:23 - substation_rza - INFO - Срабатывает защита ДЗШ на СН_Секция_1 (время 0 мс)
2026-03-12 10:36:23 - substation_rza - DEBUG - Отключен выключатель СН_Q1
2026-03-12 10:36:23 - substation_rza - DEBUG - Отключен выключатель СН_Q3
2026-03-12 10:36:23 - substation_rza - DEBUG - Отключен выключатель СН_Q4
2026-03-12 10:36:23 - substation_rza - DEBUG - Отключен выключатель СН_Q6
2026-03-12 10:36:23 - substation_rza - INFO - КЗ отключено защитой ДЗШ, отключено выключателей: 4
2026-03-12 10:36:23 - substation_rza - INFO - --- Итерация 15 ---
2026-03-12 10:36:23 - substation_rza - DEBUG - Состояние подстанции сброшено
2026-03-12 10:36:23 - substation_rza - DEBUG - Сгенерировано КЗ: Т2, тип: winding, ток: 3383.3 А
2026-03-12 10:36:23 - substation_rza - INFO - КЗ на Т2 (Transformer), тип: витковое замыкание, ток: 3383.3 А
2026-03-12 10:36:23 - substation_rza - DEBUG - Анализ КЗ на Т2 (Transformer), тип: витковое замыкание, ток: 3383.3 А
2026-03-12 10:36:23 - substation_rza - DEBUG - Защита ДЗТ: ток 3383.3А > уставка 800А
2026-03-12 10:36:23 - substation_rza - DEBUG - Защита МТЗ: ток 3383.3А > уставка 600А
2026-03-12 10:36:23 - substation_rza - INFO - Срабатывает защита ДЗТ на Т2 (время 0 мс)
2026-03-12 10:36:23 - substation_rza - DEBUG - Отключен выключатель ВН_Q4
2026-03-12 10:36:23 - substation_rza - INFO - КЗ отключено защитой ДЗТ, отключено выключателей: 1
2026-03-12 10:36:23 - substation_rza - INFO - ============================================================
2026-03-12 10:36:23 - substation_rza - INFO - СТАТИСТИКА СИМУЛЯЦИИ
2026-03-12 10:36:23 - substation_rza - INFO - ============================================================
2026-03-12 10:36:23 - substation_rza - INFO - Всего КЗ: 15
2026-03-12 10:36:23 - substation_rza - INFO - Успешно отключено: 10
2026-03-12 10:36:23 - substation_rza - INFO - Не отключено: 3
2026-03-12 10:36:23 - substation_rza - INFO - Самоустранилось: 2
2026-03-12 10:36:23 - substation_rza - INFO - ============================================================
2026-03-12 10:36:23 - substation_rza - INFO - СИМУЛЯЦИЯ ЗАВЕРШЕНА
2026-03-12 10:36:23 - substation_rza - INFO - ============================================================
